<?xml version="1.0" encoding="UTF-8"?>
<!-- Generated by org.testng.reporters.JUnitReportReporter -->
<testsuite hostname="DESKTOP-P820UR2" failures="0" tests="1" name="pages.YahooLoginTest" time="11.267" errors="0" timestamp="2021-12-08T15:40:09 EST" skipped="0">
  <testcase classname="pages.YahooLoginTest" name="loginWithWrongEmail" time="11.267"/>
  <system-out/>
</testsuite> <!-- pages.YahooLoginTest -->
