<?xml version="1.0" encoding="UTF-8"?>
<!-- Generated by org.testng.reporters.JUnitReportReporter -->
<testsuite hostname="DESKTOP-P820UR2" failures="0" tests="1" name="tests.LoginTest" time="10.094" errors="0" timestamp="2022-01-27T17:55:32 EST" skipped="0">
  <testcase classname="tests.LoginTest" name="loginWithwrongemailAndPassword" time="10.094"/>
  <system-out/>
</testsuite> <!-- tests.LoginTest -->
